<?xml version="1.0" encoding="UTF-8"?>
<coverage generated="1512988838267" clover="3.2.0">
  <project timestamp="1512988838267" name="All files">
    <metrics statements="117" coveredstatements="65" conditionals="12" coveredconditionals="4" methods="65" coveredmethods="34" elements="194" coveredelements="103" complexity="0" loc="117" ncloc="117" packages="2" files="13" classes="13">
      <package name="components">
        <metrics statements="111" coveredstatements="60" conditionals="12" coveredconditionals="4" methods="60" coveredmethods="30"/>
        <file name="About.js" path="D:\LearningReact\reactjs-basics-master\reactjs-basics-master\components\About.js">
          <metrics statements="16" coveredstatements="8" conditionals="4" coveredconditionals="1" methods="6" coveredmethods="3"/>
          <line num="4" count="2" type="stmt"/>
          <line num="12" count="2" type="stmt"/>
          <line num="22" count="2" type="stmt"/>
          <line num="28" count="1" type="stmt"/>
          <line num="29" count="1" type="stmt"/>
          <line num="37" count="1" type="stmt"/>
          <line num="38" count="0" type="stmt"/>
          <line num="39" count="0" type="stmt"/>
          <line num="43" count="1" type="cond" truecount="1" falsecount="1"/>
          <line num="44" count="1" type="stmt"/>
          <line num="46" count="0" type="cond" truecount="0" falsecount="2"/>
          <line num="47" count="0" type="stmt"/>
          <line num="50" count="0" type="stmt"/>
          <line num="51" count="0" type="stmt"/>
          <line num="52" count="0" type="stmt"/>
          <line num="65" count="0" type="stmt"/>
        </file>
        <file name="BlogPost.js" path="D:\LearningReact\reactjs-basics-master\reactjs-basics-master\components\BlogPost.js">
          <metrics statements="3" coveredstatements="3" conditionals="0" coveredconditionals="0" methods="2" coveredmethods="2"/>
          <line num="4" count="3" type="stmt"/>
          <line num="5" count="1" type="stmt"/>
          <line num="6" count="2" type="stmt"/>
        </file>
        <file name="Board.js" path="D:\LearningReact\reactjs-basics-master\reactjs-basics-master\components\Board.js">
          <metrics statements="14" coveredstatements="4" conditionals="0" coveredconditionals="0" methods="7" coveredmethods="3"/>
          <line num="6" count="1" type="stmt"/>
          <line num="7" count="1" type="stmt"/>
          <line num="17" count="0" type="stmt"/>
          <line num="18" count="0" type="stmt"/>
          <line num="19" count="0" type="stmt"/>
          <line num="23" count="0" type="stmt"/>
          <line num="24" count="0" type="stmt"/>
          <line num="25" count="0" type="stmt"/>
          <line num="29" count="0" type="stmt"/>
          <line num="30" count="0" type="stmt"/>
          <line num="31" count="0" type="stmt"/>
          <line num="35" count="3" type="stmt"/>
          <line num="43" count="1" type="stmt"/>
          <line num="47" count="0" type="stmt"/>
        </file>
        <file name="Contact.js" path="D:\LearningReact\reactjs-basics-master\reactjs-basics-master\components\Contact.js">
          <metrics statements="7" coveredstatements="6" conditionals="2" coveredconditionals="1" methods="3" coveredmethods="2"/>
          <line num="6" count="1" type="stmt"/>
          <line num="7" count="1" type="stmt"/>
          <line num="13" count="0" type="stmt"/>
          <line num="18" count="1" type="stmt"/>
          <line num="19" count="1" type="cond" truecount="1" falsecount="1"/>
          <line num="20" count="1" type="stmt"/>
          <line num="24" count="1" type="stmt"/>
        </file>
        <file name="ContactChild.js" path="D:\LearningReact\reactjs-basics-master\reactjs-basics-master\components\ContactChild.js">
          <metrics statements="18" coveredstatements="7" conditionals="2" coveredconditionals="0" methods="10" coveredmethods="4"/>
          <line num="5" count="1" type="stmt"/>
          <line num="6" count="1" type="stmt"/>
          <line num="10" count="1" type="stmt"/>
          <line num="14" count="1" type="stmt"/>
          <line num="17" count="1" type="stmt"/>
          <line num="18" count="1" type="stmt"/>
          <line num="19" count="0" type="stmt"/>
          <line num="20" count="0" type="stmt"/>
          <line num="21" count="0" type="cond" truecount="0" falsecount="2"/>
          <line num="22" count="0" type="stmt"/>
          <line num="24" count="0" type="stmt"/>
          <line num="30" count="0" type="stmt"/>
          <line num="33" count="0" type="stmt"/>
          <line num="34" count="0" type="stmt"/>
          <line num="37" count="0" type="stmt"/>
          <line num="40" count="0" type="stmt"/>
          <line num="44" count="0" type="stmt"/>
          <line num="49" count="1" type="stmt"/>
        </file>
        <file name="Features.js" path="D:\LearningReact\reactjs-basics-master\reactjs-basics-master\components\Features.js">
          <metrics statements="15" coveredstatements="11" conditionals="2" coveredconditionals="2" methods="8" coveredmethods="5"/>
          <line num="3" count="4" type="stmt"/>
          <line num="20" count="4" type="stmt"/>
          <line num="28" count="2" type="stmt"/>
          <line num="29" count="2" type="stmt"/>
          <line num="34" count="1" type="stmt"/>
          <line num="37" count="1" type="stmt"/>
          <line num="40" count="0" type="stmt"/>
          <line num="43" count="0" type="stmt"/>
          <line num="46" count="0" type="stmt"/>
          <line num="47" count="0" type="stmt"/>
          <line num="53" count="2" type="stmt"/>
          <line num="65" count="1" type="stmt"/>
          <line num="78" count="3" type="cond" truecount="2" falsecount="0"/>
          <line num="79" count="1" type="stmt"/>
          <line num="81" count="2" type="stmt"/>
        </file>
        <file name="Header.js" path="D:\LearningReact\reactjs-basics-master\reactjs-basics-master\components\Header.js">
          <metrics statements="2" coveredstatements="2" conditionals="0" coveredconditionals="0" methods="1" coveredmethods="1"/>
          <line num="4" count="2" type="stmt"/>
          <line num="5" count="2" type="stmt"/>
        </file>
        <file name="Home.js" path="D:\LearningReact\reactjs-basics-master\reactjs-basics-master\components\Home.js">
          <metrics statements="18" coveredstatements="7" conditionals="0" coveredconditionals="0" methods="13" coveredmethods="4"/>
          <line num="6" count="2" type="stmt"/>
          <line num="7" count="2" type="stmt"/>
          <line num="13" count="2" type="stmt"/>
          <line num="14" count="0" type="stmt"/>
          <line num="18" count="2" type="stmt"/>
          <line num="23" count="2" type="stmt"/>
          <line num="26" count="2" type="stmt"/>
          <line num="29" count="0" type="stmt"/>
          <line num="32" count="0" type="stmt"/>
          <line num="33" count="0" type="stmt"/>
          <line num="36" count="0" type="stmt"/>
          <line num="39" count="0" type="stmt"/>
          <line num="43" count="0" type="stmt"/>
          <line num="47" count="0" type="stmt"/>
          <line num="50" count="0" type="stmt"/>
          <line num="53" count="0" type="stmt"/>
          <line num="56" count="0" type="stmt"/>
          <line num="61" count="2" type="stmt"/>
        </file>
        <file name="Layout.jsx" path="D:\LearningReact\reactjs-basics-master\reactjs-basics-master\components\Layout.jsx">
          <metrics statements="1" coveredstatements="1" conditionals="0" coveredconditionals="0" methods="1" coveredmethods="1"/>
          <line num="8" count="1" type="stmt"/>
        </file>
        <file name="TodoList.js" path="D:\LearningReact\reactjs-basics-master\reactjs-basics-master\components\TodoList.js">
          <metrics statements="2" coveredstatements="2" conditionals="0" coveredconditionals="0" methods="2" coveredmethods="2"/>
          <line num="5" count="2" type="stmt"/>
          <line num="8" count="6" type="stmt"/>
        </file>
        <file name="User.js" path="D:\LearningReact\reactjs-basics-master\reactjs-basics-master\components\User.js">
          <metrics statements="13" coveredstatements="7" conditionals="2" coveredconditionals="0" methods="6" coveredmethods="2"/>
          <line num="6" count="1" type="stmt"/>
          <line num="7" count="1" type="stmt"/>
          <line num="8" count="1" type="stmt"/>
          <line num="9" count="1" type="stmt"/>
          <line num="10" count="1" type="stmt"/>
          <line num="13" count="0" type="stmt"/>
          <line num="14" count="0" type="stmt"/>
          <line num="17" count="1" type="stmt"/>
          <line num="18" count="1" type="stmt"/>
          <line num="44" count="0" type="stmt"/>
          <line num="50" count="0" type="cond" truecount="0" falsecount="2"/>
          <line num="51" count="0" type="stmt"/>
          <line num="55" count="0" type="stmt"/>
        </file>
        <file name="sum.js" path="D:\LearningReact\reactjs-basics-master\reactjs-basics-master\components\sum.js">
          <metrics statements="2" coveredstatements="2" conditionals="0" coveredconditionals="0" methods="1" coveredmethods="1"/>
          <line num="2" count="1" type="stmt"/>
          <line num="4" count="1" type="stmt"/>
        </file>
      </package>
      <package name="routes">
        <metrics statements="6" coveredstatements="5" conditionals="0" coveredconditionals="0" methods="5" coveredmethods="4"/>
        <file name="Routes.js" path="D:\LearningReact\reactjs-basics-master\reactjs-basics-master\routes\Routes.js">
          <metrics statements="6" coveredstatements="5" conditionals="0" coveredconditionals="0" methods="5" coveredmethods="4"/>
          <line num="11" count="2" type="stmt"/>
          <line num="15" count="3" type="stmt"/>
          <line num="17" count="1" type="stmt"/>
          <line num="19" count="1" type="stmt"/>
          <line num="23" count="0" type="stmt"/>
          <line num="25" count="1" type="stmt"/>
        </file>
      </package>
    </metrics>
  </project>
</coverage>
