{"D:\\LearningReact\\reactjs-basics-master\\reactjs-basics-master\\components\\About.js": {"path":"D:\\LearningReact\\reactjs-basics-master\\reactjs-basics-master\\components\\About.js","statementMap":{"0":{"start":{"line":4,"column":12},"end":{"line":11,"column":1}},"1":{"start":{"line":12,"column":18},"end":{"line":20,"column":1}},"2":{"start":{"line":22,"column":15},"end":{"line":24,"column":1}},"3":{"start":{"line":28,"column":8},"end":{"line":28,"column":21}},"4":{"start":{"line":29,"column":8},"end":{"line":33,"column":10}},"5":{"start":{"line":37,"column":8},"end":{"line":39,"column":70}},"6":{"start":{"line":38,"column":21},"end":{"line":38,"column":67}},"7":{"start":{"line":39,"column":21},"end":{"line":39,"column":68}},"8":{"start":{"line":43,"column":8},"end":{"line":71,"column":9}},"9":{"start":{"line":44,"column":12},"end":{"line":44,"column":139}},"10":{"start":{"line":46,"column":13},"end":{"line":71,"column":9}},"11":{"start":{"line":47,"column":12},"end":{"line":47,"column":66}},"12":{"start":{"line":50,"column":24},"end":{"line":50,"column":45}},"13":{"start":{"line":51,"column":27},"end":{"line":64,"column":14}},"14":{"start":{"line":52,"column":16},"end":{"line":63,"column":18}},"15":{"start":{"line":65,"column":12},"end":{"line":70,"column":14}}},"fnMap":{"0":{"name":"(anonymous_0)","decl":{"start":{"line":27,"column":4},"end":{"line":27,"column":5}},"loc":{"start":{"line":27,"column":23},"end":{"line":34,"column":5}},"line":27},"1":{"name":"(anonymous_1)","decl":{"start":{"line":36,"column":4},"end":{"line":36,"column":5}},"loc":{"start":{"line":36,"column":24},"end":{"line":40,"column":5}},"line":36},"2":{"name":"(anonymous_2)","decl":{"start":{"line":38,"column":12},"end":{"line":38,"column":13}},"loc":{"start":{"line":38,"column":21},"end":{"line":38,"column":67}},"line":38},"3":{"name":"(anonymous_3)","decl":{"start":{"line":39,"column":12},"end":{"line":39,"column":13}},"loc":{"start":{"line":39,"column":21},"end":{"line":39,"column":68}},"line":39},"4":{"name":"(anonymous_4)","decl":{"start":{"line":42,"column":4},"end":{"line":42,"column":5}},"loc":{"start":{"line":42,"column":13},"end":{"line":74,"column":5}},"line":42},"5":{"name":"(anonymous_5)","decl":{"start":{"line":51,"column":37},"end":{"line":51,"column":38}},"loc":{"start":{"line":51,"column":55},"end":{"line":64,"column":13}},"line":51}},"branchMap":{"0":{"loc":{"start":{"line":43,"column":8},"end":{"line":71,"column":9}},"type":"if","locations":[{"start":{"line":43,"column":8},"end":{"line":71,"column":9}},{"start":{"line":43,"column":8},"end":{"line":71,"column":9}}],"line":43},"1":{"loc":{"start":{"line":46,"column":13},"end":{"line":71,"column":9}},"type":"if","locations":[{"start":{"line":46,"column":13},"end":{"line":71,"column":9}},{"start":{"line":46,"column":13},"end":{"line":71,"column":9}}],"line":46}},"s":{"0":2,"1":2,"2":2,"3":1,"4":1,"5":1,"6":0,"7":0,"8":1,"9":1,"10":0,"11":0,"12":0,"13":0,"14":0,"15":0},"f":{"0":1,"1":1,"2":0,"3":0,"4":1,"5":0},"b":{"0":[1,0],"1":[0,0]},"_coverageSchema":"332fd63041d2c1bcb487cc26dd0d5f7d97098a6c","hash":"e39672d39cdcd38a5486427a64447e936568c97d"}
,"D:\\LearningReact\\reactjs-basics-master\\reactjs-basics-master\\components\\BlogPost.js": {"path":"D:\\LearningReact\\reactjs-basics-master\\reactjs-basics-master\\components\\BlogPost.js","statementMap":{"0":{"start":{"line":4,"column":17},"end":{"line":8,"column":1}},"1":{"start":{"line":5,"column":4},"end":{"line":7,"column":10}},"2":{"start":{"line":6,"column":32},"end":{"line":6,"column":55}}},"fnMap":{"0":{"name":"(anonymous_0)","decl":{"start":{"line":4,"column":17},"end":{"line":4,"column":18}},"loc":{"start":{"line":5,"column":4},"end":{"line":7,"column":10}},"line":5},"1":{"name":"(anonymous_1)","decl":{"start":{"line":6,"column":24},"end":{"line":6,"column":25}},"loc":{"start":{"line":6,"column":32},"end":{"line":6,"column":55}},"line":6}},"branchMap":{},"s":{"0":3,"1":1,"2":2},"f":{"0":1,"1":2},"b":{},"_coverageSchema":"332fd63041d2c1bcb487cc26dd0d5f7d97098a6c","hash":"bc300ba58df872f07e781c5ebd530eab49a8df88"}
,"D:\\LearningReact\\reactjs-basics-master\\reactjs-basics-master\\components\\Board.js": {"path":"D:\\LearningReact\\reactjs-basics-master\\reactjs-basics-master\\components\\Board.js","statementMap":{"0":{"start":{"line":6,"column":8},"end":{"line":6,"column":16}},"1":{"start":{"line":7,"column":8},"end":{"line":13,"column":9}},"2":{"start":{"line":17,"column":18},"end":{"line":17,"column":37}},"3":{"start":{"line":18,"column":8},"end":{"line":18,"column":23}},"4":{"start":{"line":19,"column":8},"end":{"line":19,"column":39}},"5":{"start":{"line":23,"column":18},"end":{"line":23,"column":37}},"6":{"start":{"line":24,"column":8},"end":{"line":24,"column":24}},"7":{"start":{"line":25,"column":8},"end":{"line":25,"column":39}},"8":{"start":{"line":29,"column":18},"end":{"line":29,"column":37}},"9":{"start":{"line":30,"column":8},"end":{"line":30,"column":25}},"10":{"start":{"line":31,"column":8},"end":{"line":31,"column":39}},"11":{"start":{"line":35,"column":12},"end":{"line":39,"column":14}},"12":{"start":{"line":43,"column":8},"end":{"line":51,"column":10}},"13":{"start":{"line":47,"column":39},"end":{"line":47,"column":64}}},"fnMap":{"0":{"name":"(anonymous_0)","decl":{"start":{"line":5,"column":4},"end":{"line":5,"column":5}},"loc":{"start":{"line":5,"column":23},"end":{"line":14,"column":5}},"line":5},"1":{"name":"(anonymous_1)","decl":{"start":{"line":16,"column":4},"end":{"line":16,"column":5}},"loc":{"start":{"line":16,"column":16},"end":{"line":20,"column":5}},"line":16},"2":{"name":"(anonymous_2)","decl":{"start":{"line":22,"column":4},"end":{"line":22,"column":5}},"loc":{"start":{"line":22,"column":20},"end":{"line":26,"column":5}},"line":22},"3":{"name":"(anonymous_3)","decl":{"start":{"line":28,"column":4},"end":{"line":28,"column":5}},"loc":{"start":{"line":28,"column":28},"end":{"line":32,"column":5}},"line":28},"4":{"name":"(anonymous_4)","decl":{"start":{"line":34,"column":4},"end":{"line":34,"column":5}},"loc":{"start":{"line":34,"column":23},"end":{"line":40,"column":5}},"line":34},"5":{"name":"(anonymous_5)","decl":{"start":{"line":42,"column":4},"end":{"line":42,"column":5}},"loc":{"start":{"line":42,"column":13},"end":{"line":52,"column":5}},"line":42},"6":{"name":"(anonymous_6)","decl":{"start":{"line":47,"column":33},"end":{"line":47,"column":34}},"loc":{"start":{"line":47,"column":39},"end":{"line":47,"column":64}},"line":47}},"branchMap":{},"s":{"0":1,"1":1,"2":0,"3":0,"4":0,"5":0,"6":0,"7":0,"8":0,"9":0,"10":0,"11":3,"12":1,"13":0},"f":{"0":1,"1":0,"2":0,"3":0,"4":3,"5":1,"6":0},"b":{},"_coverageSchema":"332fd63041d2c1bcb487cc26dd0d5f7d97098a6c","hash":"cbf3f646b899f2a1733c83340c5c974d77d78ff8"}
,"D:\\LearningReact\\reactjs-basics-master\\reactjs-basics-master\\components\\Contact.js": {"path":"D:\\LearningReact\\reactjs-basics-master\\reactjs-basics-master\\components\\Contact.js","statementMap":{"0":{"start":{"line":6,"column":8},"end":{"line":6,"column":16}},"1":{"start":{"line":7,"column":8},"end":{"line":9,"column":10}},"2":{"start":{"line":13,"column":8},"end":{"line":15,"column":11}},"3":{"start":{"line":18,"column":22},"end":{"line":18,"column":24}},"4":{"start":{"line":19,"column":8},"end":{"line":23,"column":9}},"5":{"start":{"line":20,"column":12},"end":{"line":22,"column":19}},"6":{"start":{"line":24,"column":8},"end":{"line":32,"column":9}}},"fnMap":{"0":{"name":"(anonymous_0)","decl":{"start":{"line":5,"column":4},"end":{"line":5,"column":5}},"loc":{"start":{"line":5,"column":18},"end":{"line":10,"column":5}},"line":5},"1":{"name":"(anonymous_1)","decl":{"start":{"line":12,"column":4},"end":{"line":12,"column":5}},"loc":{"start":{"line":12,"column":26},"end":{"line":16,"column":5}},"line":12},"2":{"name":"(anonymous_2)","decl":{"start":{"line":17,"column":4},"end":{"line":17,"column":5}},"loc":{"start":{"line":17,"column":13},"end":{"line":33,"column":5}},"line":17}},"branchMap":{"0":{"loc":{"start":{"line":19,"column":8},"end":{"line":23,"column":9}},"type":"if","locations":[{"start":{"line":19,"column":8},"end":{"line":23,"column":9}},{"start":{"line":19,"column":8},"end":{"line":23,"column":9}}],"line":19}},"s":{"0":1,"1":1,"2":0,"3":1,"4":1,"5":1,"6":1},"f":{"0":1,"1":0,"2":1},"b":{"0":[1,0]},"_coverageSchema":"332fd63041d2c1bcb487cc26dd0d5f7d97098a6c","hash":"062de24f46a6abef8a37dec375cffc421a60caf8"}
,"D:\\LearningReact\\reactjs-basics-master\\reactjs-basics-master\\components\\ContactChild.js": {"path":"D:\\LearningReact\\reactjs-basics-master\\reactjs-basics-master\\components\\ContactChild.js","statementMap":{"0":{"start":{"line":5,"column":8},"end":{"line":5,"column":16}},"1":{"start":{"line":6,"column":8},"end":{"line":9,"column":10}},"2":{"start":{"line":10,"column":8},"end":{"line":10,"column":35}},"3":{"start":{"line":14,"column":8},"end":{"line":14,"column":44}},"4":{"start":{"line":17,"column":8},"end":{"line":17,"column":43}},"5":{"start":{"line":18,"column":8},"end":{"line":27,"column":27}},"6":{"start":{"line":19,"column":26},"end":{"line":19,"column":44}},"7":{"start":{"line":20,"column":12},"end":{"line":20,"column":48}},"8":{"start":{"line":21,"column":12},"end":{"line":23,"column":13}},"9":{"start":{"line":22,"column":16},"end":{"line":22,"column":30}},"10":{"start":{"line":24,"column":12},"end":{"line":26,"column":15}},"11":{"start":{"line":30,"column":8},"end":{"line":30,"column":63}},"12":{"start":{"line":33,"column":8},"end":{"line":33,"column":69}},"13":{"start":{"line":34,"column":8},"end":{"line":34,"column":20}},"14":{"start":{"line":37,"column":8},"end":{"line":37,"column":67}},"15":{"start":{"line":40,"column":8},"end":{"line":40,"column":66}},"16":{"start":{"line":44,"column":8},"end":{"line":44,"column":46}},"17":{"start":{"line":49,"column":8},"end":{"line":59,"column":9}}},"fnMap":{"0":{"name":"(anonymous_0)","decl":{"start":{"line":4,"column":4},"end":{"line":4,"column":5}},"loc":{"start":{"line":4,"column":18},"end":{"line":11,"column":5}},"line":4},"1":{"name":"(anonymous_1)","decl":{"start":{"line":13,"column":4},"end":{"line":13,"column":5}},"loc":{"start":{"line":13,"column":25},"end":{"line":15,"column":5}},"line":13},"2":{"name":"(anonymous_2)","decl":{"start":{"line":16,"column":4},"end":{"line":16,"column":5}},"loc":{"start":{"line":16,"column":24},"end":{"line":28,"column":5}},"line":16},"3":{"name":"(anonymous_3)","decl":{"start":{"line":18,"column":33},"end":{"line":18,"column":34}},"loc":{"start":{"line":18,"column":45},"end":{"line":27,"column":9}},"line":18},"4":{"name":"(anonymous_4)","decl":{"start":{"line":29,"column":4},"end":{"line":29,"column":5}},"loc":{"start":{"line":29,"column":41},"end":{"line":31,"column":5}},"line":29},"5":{"name":"(anonymous_5)","decl":{"start":{"line":32,"column":4},"end":{"line":32,"column":5}},"loc":{"start":{"line":32,"column":48},"end":{"line":35,"column":5}},"line":32},"6":{"name":"(anonymous_6)","decl":{"start":{"line":36,"column":4},"end":{"line":36,"column":5}},"loc":{"start":{"line":36,"column":46},"end":{"line":38,"column":5}},"line":36},"7":{"name":"(anonymous_7)","decl":{"start":{"line":39,"column":4},"end":{"line":39,"column":5}},"loc":{"start":{"line":39,"column":45},"end":{"line":41,"column":5}},"line":39},"8":{"name":"(anonymous_8)","decl":{"start":{"line":43,"column":4},"end":{"line":43,"column":5}},"loc":{"start":{"line":43,"column":27},"end":{"line":45,"column":5}},"line":43},"9":{"name":"(anonymous_9)","decl":{"start":{"line":47,"column":4},"end":{"line":47,"column":5}},"loc":{"start":{"line":47,"column":13},"end":{"line":60,"column":5}},"line":47}},"branchMap":{"0":{"loc":{"start":{"line":21,"column":12},"end":{"line":23,"column":13}},"type":"if","locations":[{"start":{"line":21,"column":12},"end":{"line":23,"column":13}},{"start":{"line":21,"column":12},"end":{"line":23,"column":13}}],"line":21}},"s":{"0":1,"1":1,"2":1,"3":1,"4":1,"5":1,"6":0,"7":0,"8":0,"9":0,"10":0,"11":0,"12":0,"13":0,"14":0,"15":0,"16":0,"17":1},"f":{"0":1,"1":1,"2":1,"3":0,"4":0,"5":0,"6":0,"7":0,"8":0,"9":1},"b":{"0":[0,0]},"_coverageSchema":"332fd63041d2c1bcb487cc26dd0d5f7d97098a6c","hash":"328c73d3e57d3a2e8f270c71b5b4d9a30ae5f408"}
,"D:\\LearningReact\\reactjs-basics-master\\reactjs-basics-master\\components\\Features.js": {"path":"D:\\LearningReact\\reactjs-basics-master\\reactjs-basics-master\\components\\Features.js","statementMap":{"0":{"start":{"line":3,"column":16},"end":{"line":18,"column":1}},"1":{"start":{"line":20,"column":19},"end":{"line":24,"column":1}},"2":{"start":{"line":28,"column":8},"end":{"line":28,"column":16}},"3":{"start":{"line":29,"column":8},"end":{"line":31,"column":9}},"4":{"start":{"line":34,"column":8},"end":{"line":36,"column":11}},"5":{"start":{"line":37,"column":8},"end":{"line":37,"column":38}},"6":{"start":{"line":40,"column":8},"end":{"line":40,"column":53}},"7":{"start":{"line":43,"column":8},"end":{"line":43,"column":42}},"8":{"start":{"line":46,"column":8},"end":{"line":46,"column":80}},"9":{"start":{"line":47,"column":8},"end":{"line":49,"column":11}},"10":{"start":{"line":53,"column":8},"end":{"line":62,"column":10}},"11":{"start":{"line":65,"column":8},"end":{"line":74,"column":10}},"12":{"start":{"line":78,"column":8},"end":{"line":82,"column":9}},"13":{"start":{"line":79,"column":12},"end":{"line":79,"column":48}},"14":{"start":{"line":81,"column":11},"end":{"line":81,"column":49}}},"fnMap":{"0":{"name":"(anonymous_0)","decl":{"start":{"line":27,"column":4},"end":{"line":27,"column":5}},"loc":{"start":{"line":27,"column":23},"end":{"line":32,"column":5}},"line":27},"1":{"name":"(anonymous_1)","decl":{"start":{"line":33,"column":4},"end":{"line":33,"column":5}},"loc":{"start":{"line":33,"column":13},"end":{"line":38,"column":5}},"line":33},"2":{"name":"(anonymous_2)","decl":{"start":{"line":39,"column":4},"end":{"line":39,"column":5}},"loc":{"start":{"line":39,"column":15},"end":{"line":41,"column":5}},"line":39},"3":{"name":"(anonymous_3)","decl":{"start":{"line":42,"column":4},"end":{"line":42,"column":5}},"loc":{"start":{"line":42,"column":15},"end":{"line":44,"column":5}},"line":42},"4":{"name":"(anonymous_4)","decl":{"start":{"line":45,"column":4},"end":{"line":45,"column":5}},"loc":{"start":{"line":45,"column":14},"end":{"line":50,"column":5}},"line":45},"5":{"name":"(anonymous_5)","decl":{"start":{"line":52,"column":4},"end":{"line":52,"column":5}},"loc":{"start":{"line":52,"column":18},"end":{"line":63,"column":5}},"line":52},"6":{"name":"(anonymous_6)","decl":{"start":{"line":64,"column":4},"end":{"line":64,"column":5}},"loc":{"start":{"line":64,"column":16},"end":{"line":75,"column":5}},"line":64},"7":{"name":"(anonymous_7)","decl":{"start":{"line":77,"column":4},"end":{"line":77,"column":5}},"loc":{"start":{"line":77,"column":13},"end":{"line":84,"column":5}},"line":77}},"branchMap":{"0":{"loc":{"start":{"line":78,"column":8},"end":{"line":82,"column":9}},"type":"if","locations":[{"start":{"line":78,"column":8},"end":{"line":82,"column":9}},{"start":{"line":78,"column":8},"end":{"line":82,"column":9}}],"line":78}},"s":{"0":4,"1":4,"2":2,"3":2,"4":1,"5":1,"6":0,"7":0,"8":0,"9":0,"10":2,"11":1,"12":3,"13":1,"14":2},"f":{"0":2,"1":1,"2":0,"3":0,"4":0,"5":2,"6":1,"7":3},"b":{"0":[1,2]},"_coverageSchema":"332fd63041d2c1bcb487cc26dd0d5f7d97098a6c","hash":"f9baf1b45231953373b710b1c941b8aa7a21def6"}
,"D:\\LearningReact\\reactjs-basics-master\\reactjs-basics-master\\components\\Header.js": {"path":"D:\\LearningReact\\reactjs-basics-master\\reactjs-basics-master\\components\\Header.js","statementMap":{"0":{"start":{"line":4,"column":22},"end":{"line":26,"column":1}},"1":{"start":{"line":5,"column":4},"end":{"line":24,"column":6}}},"fnMap":{"0":{"name":"(anonymous_0)","decl":{"start":{"line":4,"column":22},"end":{"line":4,"column":23}},"loc":{"start":{"line":4,"column":33},"end":{"line":26,"column":1}},"line":4}},"branchMap":{},"s":{"0":2,"1":2},"f":{"0":2},"b":{},"_coverageSchema":"332fd63041d2c1bcb487cc26dd0d5f7d97098a6c","hash":"0dc028435b0c8eada1eb5a5d783ca4c0d405faa2"}
,"D:\\LearningReact\\reactjs-basics-master\\reactjs-basics-master\\components\\Home.js": {"path":"D:\\LearningReact\\reactjs-basics-master\\reactjs-basics-master\\components\\Home.js","statementMap":{"0":{"start":{"line":6,"column":8},"end":{"line":6,"column":16}},"1":{"start":{"line":7,"column":8},"end":{"line":12,"column":10}},"2":{"start":{"line":13,"column":8},"end":{"line":17,"column":17}},"3":{"start":{"line":14,"column":12},"end":{"line":16,"column":14}},"4":{"start":{"line":18,"column":8},"end":{"line":18,"column":57}},"5":{"start":{"line":23,"column":8},"end":{"line":23,"column":44}},"6":{"start":{"line":26,"column":8},"end":{"line":26,"column":43}},"7":{"start":{"line":29,"column":8},"end":{"line":29,"column":63}},"8":{"start":{"line":32,"column":8},"end":{"line":32,"column":69}},"9":{"start":{"line":33,"column":8},"end":{"line":33,"column":20}},"10":{"start":{"line":36,"column":8},"end":{"line":36,"column":67}},"11":{"start":{"line":39,"column":8},"end":{"line":39,"column":66}},"12":{"start":{"line":43,"column":8},"end":{"line":43,"column":49}},"13":{"start":{"line":47,"column":8},"end":{"line":49,"column":10}},"14":{"start":{"line":50,"column":8},"end":{"line":50,"column":36}},"15":{"start":{"line":53,"column":8},"end":{"line":53,"column":50}},"16":{"start":{"line":56,"column":8},"end":{"line":58,"column":10}},"17":{"start":{"line":61,"column":8},"end":{"line":83,"column":10}}},"fnMap":{"0":{"name":"(anonymous_0)","decl":{"start":{"line":5,"column":4},"end":{"line":5,"column":5}},"loc":{"start":{"line":5,"column":23},"end":{"line":20,"column":5}},"line":5},"1":{"name":"(anonymous_1)","decl":{"start":{"line":13,"column":19},"end":{"line":13,"column":20}},"loc":{"start":{"line":13,"column":25},"end":{"line":17,"column":9}},"line":13},"2":{"name":"(anonymous_2)","decl":{"start":{"line":22,"column":4},"end":{"line":22,"column":5}},"loc":{"start":{"line":22,"column":25},"end":{"line":24,"column":5}},"line":22},"3":{"name":"(anonymous_3)","decl":{"start":{"line":25,"column":4},"end":{"line":25,"column":5}},"loc":{"start":{"line":25,"column":24},"end":{"line":27,"column":5}},"line":25},"4":{"name":"(anonymous_4)","decl":{"start":{"line":28,"column":4},"end":{"line":28,"column":5}},"loc":{"start":{"line":28,"column":41},"end":{"line":30,"column":5}},"line":28},"5":{"name":"(anonymous_5)","decl":{"start":{"line":31,"column":4},"end":{"line":31,"column":5}},"loc":{"start":{"line":31,"column":48},"end":{"line":34,"column":5}},"line":31},"6":{"name":"(anonymous_6)","decl":{"start":{"line":35,"column":4},"end":{"line":35,"column":5}},"loc":{"start":{"line":35,"column":46},"end":{"line":37,"column":5}},"line":35},"7":{"name":"(anonymous_7)","decl":{"start":{"line":38,"column":4},"end":{"line":38,"column":5}},"loc":{"start":{"line":38,"column":45},"end":{"line":40,"column":5}},"line":38},"8":{"name":"(anonymous_8)","decl":{"start":{"line":42,"column":4},"end":{"line":42,"column":5}},"loc":{"start":{"line":42,"column":20},"end":{"line":44,"column":5}},"line":42},"9":{"name":"(anonymous_9)","decl":{"start":{"line":46,"column":4},"end":{"line":46,"column":5}},"loc":{"start":{"line":46,"column":18},"end":{"line":51,"column":5}},"line":46},"10":{"name":"(anonymous_10)","decl":{"start":{"line":52,"column":4},"end":{"line":52,"column":5}},"loc":{"start":{"line":52,"column":19},"end":{"line":54,"column":5}},"line":52},"11":{"name":"(anonymous_11)","decl":{"start":{"line":55,"column":4},"end":{"line":55,"column":5}},"loc":{"start":{"line":55,"column":26},"end":{"line":59,"column":5}},"line":55},"12":{"name":"(anonymous_12)","decl":{"start":{"line":60,"column":4},"end":{"line":60,"column":5}},"loc":{"start":{"line":60,"column":13},"end":{"line":84,"column":5}},"line":60}},"branchMap":{},"s":{"0":2,"1":2,"2":2,"3":0,"4":2,"5":2,"6":2,"7":0,"8":0,"9":0,"10":0,"11":0,"12":0,"13":0,"14":0,"15":0,"16":0,"17":2},"f":{"0":2,"1":0,"2":2,"3":2,"4":0,"5":0,"6":0,"7":0,"8":0,"9":0,"10":0,"11":0,"12":2},"b":{},"_coverageSchema":"332fd63041d2c1bcb487cc26dd0d5f7d97098a6c","hash":"8bb36c241f2e01922d14b946e3711bde5909c02f"}
,"D:\\LearningReact\\reactjs-basics-master\\reactjs-basics-master\\components\\Layout.jsx": {"path":"D:\\LearningReact\\reactjs-basics-master\\reactjs-basics-master\\components\\Layout.jsx","statementMap":{"0":{"start":{"line":8,"column":8},"end":{"line":18,"column":10}}},"fnMap":{"0":{"name":"(anonymous_0)","decl":{"start":{"line":7,"column":4},"end":{"line":7,"column":5}},"loc":{"start":{"line":7,"column":13},"end":{"line":19,"column":5}},"line":7}},"branchMap":{},"s":{"0":1},"f":{"0":1},"b":{},"_coverageSchema":"332fd63041d2c1bcb487cc26dd0d5f7d97098a6c","hash":"74d5a668050791405042eeed226fa975aed9d0ac"}
,"D:\\LearningReact\\reactjs-basics-master\\reactjs-basics-master\\components\\TodoList.js": {"path":"D:\\LearningReact\\reactjs-basics-master\\reactjs-basics-master\\components\\TodoList.js","statementMap":{"0":{"start":{"line":5,"column":4},"end":{"line":11,"column":6}},"1":{"start":{"line":8,"column":10},"end":{"line":8,"column":44}}},"fnMap":{"0":{"name":"(anonymous_0)","decl":{"start":{"line":4,"column":2},"end":{"line":4,"column":3}},"loc":{"start":{"line":4,"column":11},"end":{"line":12,"column":3}},"line":4},"1":{"name":"(anonymous_1)","decl":{"start":{"line":7,"column":30},"end":{"line":7,"column":31}},"loc":{"start":{"line":8,"column":10},"end":{"line":8,"column":44}},"line":8}},"branchMap":{},"s":{"0":2,"1":6},"f":{"0":2,"1":6},"b":{},"_coverageSchema":"332fd63041d2c1bcb487cc26dd0d5f7d97098a6c","hash":"dd40ec95a0aa0e548629e9488cb747b62ab3d99b"}
,"D:\\LearningReact\\reactjs-basics-master\\reactjs-basics-master\\components\\User.js": {"path":"D:\\LearningReact\\reactjs-basics-master\\reactjs-basics-master\\components\\User.js","statementMap":{"0":{"start":{"line":6,"column":8},"end":{"line":6,"column":21}},"1":{"start":{"line":7,"column":8},"end":{"line":7,"column":45}},"2":{"start":{"line":8,"column":8},"end":{"line":8,"column":57}},"3":{"start":{"line":9,"column":8},"end":{"line":9,"column":57}},"4":{"start":{"line":10,"column":8},"end":{"line":10,"column":61}},"5":{"start":{"line":13,"column":8},"end":{"line":13,"column":50}},"6":{"start":{"line":14,"column":8},"end":{"line":14,"column":37}},"7":{"start":{"line":17,"column":45},"end":{"line":17,"column":55}},"8":{"start":{"line":18,"column":8},"end":{"line":40,"column":10}},"9":{"start":{"line":44,"column":8},"end":{"line":46,"column":11}},"10":{"start":{"line":50,"column":8},"end":{"line":50,"column":44}},"11":{"start":{"line":50,"column":37},"end":{"line":50,"column":44}},"12":{"start":{"line":51,"column":24},"end":{"line":54,"column":9}},"13":{"start":{"line":55,"column":8},"end":{"line":58,"column":12}},"14":{"start":{"line":55,"column":36},"end":{"line":58,"column":9}}},"fnMap":{"0":{"name":"(anonymous_0)","decl":{"start":{"line":5,"column":4},"end":{"line":5,"column":5}},"loc":{"start":{"line":5,"column":23},"end":{"line":11,"column":5}},"line":5},"1":{"name":"(anonymous_1)","decl":{"start":{"line":12,"column":4},"end":{"line":12,"column":5}},"loc":{"start":{"line":12,"column":21},"end":{"line":15,"column":5}},"line":12},"2":{"name":"(anonymous_2)","decl":{"start":{"line":16,"column":4},"end":{"line":16,"column":5}},"loc":{"start":{"line":16,"column":13},"end":{"line":41,"column":5}},"line":16},"3":{"name":"(anonymous_3)","decl":{"start":{"line":43,"column":4},"end":{"line":43,"column":5}},"loc":{"start":{"line":43,"column":20},"end":{"line":47,"column":5}},"line":43},"4":{"name":"(anonymous_4)","decl":{"start":{"line":49,"column":4},"end":{"line":49,"column":5}},"loc":{"start":{"line":49,"column":20},"end":{"line":59,"column":5}},"line":49},"5":{"name":"(anonymous_5)","decl":{"start":{"line":55,"column":22},"end":{"line":55,"column":23}},"loc":{"start":{"line":55,"column":36},"end":{"line":58,"column":9}},"line":55}},"branchMap":{"0":{"loc":{"start":{"line":50,"column":8},"end":{"line":50,"column":44}},"type":"if","locations":[{"start":{"line":50,"column":8},"end":{"line":50,"column":44}},{"start":{"line":50,"column":8},"end":{"line":50,"column":44}}],"line":50}},"s":{"0":1,"1":1,"2":1,"3":1,"4":1,"5":0,"6":0,"7":1,"8":1,"9":0,"10":0,"11":0,"12":0,"13":0,"14":0},"f":{"0":1,"1":0,"2":1,"3":0,"4":0,"5":0},"b":{"0":[0,0]},"_coverageSchema":"332fd63041d2c1bcb487cc26dd0d5f7d97098a6c","hash":"53d9ed1406df52d39ea567f256ebfda23ba0e0b4"}
,"D:\\LearningReact\\reactjs-basics-master\\reactjs-basics-master\\components\\sum.js": {"path":"D:\\LearningReact\\reactjs-basics-master\\reactjs-basics-master\\components\\sum.js","statementMap":{"0":{"start":{"line":2,"column":4},"end":{"line":2,"column":17}},"1":{"start":{"line":4,"column":2},"end":{"line":4,"column":23}}},"fnMap":{"0":{"name":"sum","decl":{"start":{"line":1,"column":9},"end":{"line":1,"column":12}},"loc":{"start":{"line":1,"column":19},"end":{"line":3,"column":3}},"line":1}},"branchMap":{},"s":{"0":1,"1":1},"f":{"0":1},"b":{},"_coverageSchema":"332fd63041d2c1bcb487cc26dd0d5f7d97098a6c","hash":"ae4cc2f29a92bba9de2dca7b5e86d66e7c65da34"}
,"D:\\LearningReact\\reactjs-basics-master\\reactjs-basics-master\\routes\\Routes.js": {"path":"D:\\LearningReact\\reactjs-basics-master\\reactjs-basics-master\\routes\\Routes.js","statementMap":{"0":{"start":{"line":11,"column":16},"end":{"line":11,"column":38}},"1":{"start":{"line":15,"column":8},"end":{"line":27,"column":10}},"2":{"start":{"line":17,"column":52},"end":{"line":17,"column":89}},"3":{"start":{"line":19,"column":20},"end":{"line":20,"column":41}},"4":{"start":{"line":23,"column":54},"end":{"line":23,"column":63}},"5":{"start":{"line":25,"column":37},"end":{"line":25,"column":60}}},"fnMap":{"0":{"name":"(anonymous_0)","decl":{"start":{"line":14,"column":4},"end":{"line":14,"column":5}},"loc":{"start":{"line":14,"column":13},"end":{"line":28,"column":5}},"line":14},"1":{"name":"(anonymous_1)","decl":{"start":{"line":17,"column":46},"end":{"line":17,"column":47}},"loc":{"start":{"line":17,"column":52},"end":{"line":17,"column":89}},"line":17},"2":{"name":"(anonymous_2)","decl":{"start":{"line":18,"column":45},"end":{"line":18,"column":46}},"loc":{"start":{"line":19,"column":20},"end":{"line":20,"column":41}},"line":19},"3":{"name":"(anonymous_3)","decl":{"start":{"line":23,"column":48},"end":{"line":23,"column":49}},"loc":{"start":{"line":23,"column":54},"end":{"line":23,"column":63}},"line":23},"4":{"name":"(anonymous_4)","decl":{"start":{"line":25,"column":31},"end":{"line":25,"column":32}},"loc":{"start":{"line":25,"column":37},"end":{"line":25,"column":60}},"line":25}},"branchMap":{},"s":{"0":2,"1":3,"2":1,"3":1,"4":0,"5":1},"f":{"0":3,"1":1,"2":1,"3":0,"4":1},"b":{},"_coverageSchema":"332fd63041d2c1bcb487cc26dd0d5f7d97098a6c","hash":"279352a97f3608d4726094872704cd84e20e7ead"}
}
