TN:
SF:D:\LearningReact\reactjs-basics-master\reactjs-basics-master\components\About.js
FN:27,(anonymous_0)
FN:36,(anonymous_1)
FN:38,(anonymous_2)
FN:39,(anonymous_3)
FN:42,(anonymous_4)
FN:51,(anonymous_5)
FNF:6
FNH:3
FNDA:1,(anonymous_0)
FNDA:1,(anonymous_1)
FNDA:0,(anonymous_2)
FNDA:0,(anonymous_3)
FNDA:1,(anonymous_4)
FNDA:0,(anonymous_5)
DA:4,2
DA:12,2
DA:22,2
DA:28,1
DA:29,1
DA:37,1
DA:38,0
DA:39,0
DA:43,1
DA:44,1
DA:46,0
DA:47,0
DA:50,0
DA:51,0
DA:52,0
DA:65,0
LF:16
LH:8
BRDA:43,0,0,1
BRDA:43,0,1,0
BRDA:46,1,0,0
BRDA:46,1,1,0
BRF:4
BRH:1
end_of_record
TN:
SF:D:\LearningReact\reactjs-basics-master\reactjs-basics-master\components\BlogPost.js
FN:4,(anonymous_0)
FN:6,(anonymous_1)
FNF:2
FNH:2
FNDA:1,(anonymous_0)
FNDA:2,(anonymous_1)
DA:4,3
DA:5,1
DA:6,2
LF:3
LH:3
BRF:0
BRH:0
end_of_record
TN:
SF:D:\LearningReact\reactjs-basics-master\reactjs-basics-master\components\Board.js
FN:5,(anonymous_0)
FN:16,(anonymous_1)
FN:22,(anonymous_2)
FN:28,(anonymous_3)
FN:34,(anonymous_4)
FN:42,(anonymous_5)
FN:47,(anonymous_6)
FNF:7
FNH:3
FNDA:1,(anonymous_0)
FNDA:0,(anonymous_1)
FNDA:0,(anonymous_2)
FNDA:0,(anonymous_3)
FNDA:3,(anonymous_4)
FNDA:1,(anonymous_5)
FNDA:0,(anonymous_6)
DA:6,1
DA:7,1
DA:17,0
DA:18,0
DA:19,0
DA:23,0
DA:24,0
DA:25,0
DA:29,0
DA:30,0
DA:31,0
DA:35,3
DA:43,1
DA:47,0
LF:14
LH:4
BRF:0
BRH:0
end_of_record
TN:
SF:D:\LearningReact\reactjs-basics-master\reactjs-basics-master\components\Contact.js
FN:5,(anonymous_0)
FN:12,(anonymous_1)
FN:17,(anonymous_2)
FNF:3
FNH:2
FNDA:1,(anonymous_0)
FNDA:0,(anonymous_1)
FNDA:1,(anonymous_2)
DA:6,1
DA:7,1
DA:13,0
DA:18,1
DA:19,1
DA:20,1
DA:24,1
LF:7
LH:6
BRDA:19,0,0,1
BRDA:19,0,1,0
BRF:2
BRH:1
end_of_record
TN:
SF:D:\LearningReact\reactjs-basics-master\reactjs-basics-master\components\ContactChild.js
FN:4,(anonymous_0)
FN:13,(anonymous_1)
FN:16,(anonymous_2)
FN:18,(anonymous_3)
FN:29,(anonymous_4)
FN:32,(anonymous_5)
FN:36,(anonymous_6)
FN:39,(anonymous_7)
FN:43,(anonymous_8)
FN:47,(anonymous_9)
FNF:10
FNH:4
FNDA:1,(anonymous_0)
FNDA:1,(anonymous_1)
FNDA:1,(anonymous_2)
FNDA:0,(anonymous_3)
FNDA:0,(anonymous_4)
FNDA:0,(anonymous_5)
FNDA:0,(anonymous_6)
FNDA:0,(anonymous_7)
FNDA:0,(anonymous_8)
FNDA:1,(anonymous_9)
DA:5,1
DA:6,1
DA:10,1
DA:14,1
DA:17,1
DA:18,1
DA:19,0
DA:20,0
DA:21,0
DA:22,0
DA:24,0
DA:30,0
DA:33,0
DA:34,0
DA:37,0
DA:40,0
DA:44,0
DA:49,1
LF:18
LH:7
BRDA:21,0,0,0
BRDA:21,0,1,0
BRF:2
BRH:0
end_of_record
TN:
SF:D:\LearningReact\reactjs-basics-master\reactjs-basics-master\components\Features.js
FN:27,(anonymous_0)
FN:33,(anonymous_1)
FN:39,(anonymous_2)
FN:42,(anonymous_3)
FN:45,(anonymous_4)
FN:52,(anonymous_5)
FN:64,(anonymous_6)
FN:77,(anonymous_7)
FNF:8
FNH:5
FNDA:2,(anonymous_0)
FNDA:1,(anonymous_1)
FNDA:0,(anonymous_2)
FNDA:0,(anonymous_3)
FNDA:0,(anonymous_4)
FNDA:2,(anonymous_5)
FNDA:1,(anonymous_6)
FNDA:3,(anonymous_7)
DA:3,4
DA:20,4
DA:28,2
DA:29,2
DA:34,1
DA:37,1
DA:40,0
DA:43,0
DA:46,0
DA:47,0
DA:53,2
DA:65,1
DA:78,3
DA:79,1
DA:81,2
LF:15
LH:11
BRDA:78,0,0,1
BRDA:78,0,1,2
BRF:2
BRH:2
end_of_record
TN:
SF:D:\LearningReact\reactjs-basics-master\reactjs-basics-master\components\Header.js
FN:4,(anonymous_0)
FNF:1
FNH:1
FNDA:2,(anonymous_0)
DA:4,2
DA:5,2
LF:2
LH:2
BRF:0
BRH:0
end_of_record
TN:
SF:D:\LearningReact\reactjs-basics-master\reactjs-basics-master\components\Home.js
FN:5,(anonymous_0)
FN:13,(anonymous_1)
FN:22,(anonymous_2)
FN:25,(anonymous_3)
FN:28,(anonymous_4)
FN:31,(anonymous_5)
FN:35,(anonymous_6)
FN:38,(anonymous_7)
FN:42,(anonymous_8)
FN:46,(anonymous_9)
FN:52,(anonymous_10)
FN:55,(anonymous_11)
FN:60,(anonymous_12)
FNF:13
FNH:4
FNDA:2,(anonymous_0)
FNDA:0,(anonymous_1)
FNDA:2,(anonymous_2)
FNDA:2,(anonymous_3)
FNDA:0,(anonymous_4)
FNDA:0,(anonymous_5)
FNDA:0,(anonymous_6)
FNDA:0,(anonymous_7)
FNDA:0,(anonymous_8)
FNDA:0,(anonymous_9)
FNDA:0,(anonymous_10)
FNDA:0,(anonymous_11)
FNDA:2,(anonymous_12)
DA:6,2
DA:7,2
DA:13,2
DA:14,0
DA:18,2
DA:23,2
DA:26,2
DA:29,0
DA:32,0
DA:33,0
DA:36,0
DA:39,0
DA:43,0
DA:47,0
DA:50,0
DA:53,0
DA:56,0
DA:61,2
LF:18
LH:7
BRF:0
BRH:0
end_of_record
TN:
SF:D:\LearningReact\reactjs-basics-master\reactjs-basics-master\components\Layout.jsx
FN:7,(anonymous_0)
FNF:1
FNH:1
FNDA:1,(anonymous_0)
DA:8,1
LF:1
LH:1
BRF:0
BRH:0
end_of_record
TN:
SF:D:\LearningReact\reactjs-basics-master\reactjs-basics-master\components\TodoList.js
FN:4,(anonymous_0)
FN:7,(anonymous_1)
FNF:2
FNH:2
FNDA:2,(anonymous_0)
FNDA:6,(anonymous_1)
DA:5,2
DA:8,6
LF:2
LH:2
BRF:0
BRH:0
end_of_record
TN:
SF:D:\LearningReact\reactjs-basics-master\reactjs-basics-master\components\User.js
FN:5,(anonymous_0)
FN:12,(anonymous_1)
FN:16,(anonymous_2)
FN:43,(anonymous_3)
FN:49,(anonymous_4)
FN:55,(anonymous_5)
FNF:6
FNH:2
FNDA:1,(anonymous_0)
FNDA:0,(anonymous_1)
FNDA:1,(anonymous_2)
FNDA:0,(anonymous_3)
FNDA:0,(anonymous_4)
FNDA:0,(anonymous_5)
DA:6,1
DA:7,1
DA:8,1
DA:9,1
DA:10,1
DA:13,0
DA:14,0
DA:17,1
DA:18,1
DA:44,0
DA:50,0
DA:51,0
DA:55,0
LF:13
LH:7
BRDA:50,0,0,0
BRDA:50,0,1,0
BRF:2
BRH:0
end_of_record
TN:
SF:D:\LearningReact\reactjs-basics-master\reactjs-basics-master\components\sum.js
FN:1,sum
FNF:1
FNH:1
FNDA:1,sum
DA:2,1
DA:4,1
LF:2
LH:2
BRF:0
BRH:0
end_of_record
TN:
SF:D:\LearningReact\reactjs-basics-master\reactjs-basics-master\routes\Routes.js
FN:14,(anonymous_0)
FN:17,(anonymous_1)
FN:18,(anonymous_2)
FN:23,(anonymous_3)
FN:25,(anonymous_4)
FNF:5
FNH:4
FNDA:3,(anonymous_0)
FNDA:1,(anonymous_1)
FNDA:1,(anonymous_2)
FNDA:0,(anonymous_3)
FNDA:1,(anonymous_4)
DA:11,2
DA:15,3
DA:17,1
DA:19,1
DA:23,0
DA:25,1
LF:6
LH:5
BRF:0
BRH:0
end_of_record
